1634826684
1634826932
1634827172
1634827410
1634827643
1634827877
1634828112
1634828346
1634828579
1634828816
1634829052
1634829290
1634829527
1634829760
1634829995
1634830231
1634830465
1634830696
1634830928
1634831166
1634831402
1634831638
1634831871
1634832110
1634832346
1634832582
1634832818
1634833056
1634833285
1634833525
1634833757
1634833990
1634834225
1634834457
1634834692
1634834932
1634835167
1634835403
1634835631
1634835869
1634836102
1634836336
1634836570
1634836801
1634837035
1634837270
1634837507
1634837740
1634837977
1634838217
1634838456
1634838692
1634838930
1634839166
1634839400
1634839634
1634839874
1634840109
1634840344
1634840583