1634507830
1634508057
1634508128
1634508228
1634508963
1634509186
1634509250
1634509475
1634509740
1634509779
1634509790
1634510046
1634510251
1634510625
1634510673
1634510848
1634510872
1634510895
1634511164
1634511179
1634511221
1634511347
1634511514
1634511731
1634511946
1634512315
1634512473
1634512570
1634512681
1634512918
1634513005
1634513216
1634513415
1634513547
1634513995
1634514066
1634514454
1634514536
1634514749
1634514827
1634515233
1634515575
1634515705
1634516355
1634516438
1634516917
1634516932
1634517439
1634517630
1634518376
1634518386
1634518459
1634518881
1634519064
1634519135
1634519178
1634519599
1634520182
1634520422
1634520564